{"/root/Estudo Node/jest-estudo/index.js": {"path":"/root/Estudo Node/jest-estudo/index.js","statementMap":{"0":{"start":{"line":1,"column":24},"end":{"line":1,"column":79}},"1":{"start":{"line":1,"column":54},"end":{"line":1,"column":79}},"2":{"start":{"line":3,"column":24},"end":{"line":3,"column":65}},"3":{"start":{"line":3,"column":47},"end":{"line":3,"column":65}}},"fnMap":{"0":{"name":"(anonymous_0)","decl":{"start":{"line":1,"column":24},"end":{"line":1,"column":25}},"loc":{"start":{"line":1,"column":54},"end":{"line":1,"column":79}},"line":1},"1":{"name":"(anonymous_1)","decl":{"start":{"line":3,"column":24},"end":{"line":3,"column":25}},"loc":{"start":{"line":3,"column":47},"end":{"line":3,"column":65}},"line":3}},"branchMap":{},"s":{"0":1,"1":1,"2":1,"3":1},"f":{"0":1,"1":1},"b":{},"_coverageSchema":"1a1c01bbd47fc00a2c39e90264f33305004495a9","hash":"ef119146d1b927e947df02f4e710da9e0e6c6cd2"}
}
